c:\users\ashura\desktop\glfwx64 backup - kopie\glfwx64\glfwx64\x64\release\vc143.pdb
c:\users\ashura\desktop\glfwx64 backup - kopie\glfwx64\glfwx64\x64\release\server.obj
c:\users\ashura\desktop\glfwx64 backup - kopie\glfwx64\glfwx64\x64\release\protection.obj
c:\users\ashura\desktop\glfwx64 backup - kopie\glfwx64\glfwx64\x64\release\proc.obj
c:\users\ashura\desktop\glfwx64 backup - kopie\glfwx64\glfwx64\x64\release\menu.obj
c:\users\ashura\desktop\glfwx64 backup - kopie\glfwx64\glfwx64\x64\release\main.obj
c:\users\ashura\desktop\glfwx64 backup - kopie\glfwx64\glfwx64\x64\release\login.obj
c:\users\ashura\desktop\glfwx64 backup - kopie\glfwx64\glfwx64\x64\release\hiding.obj
c:\users\ashura\desktop\glfwx64 backup - kopie\glfwx64\glfwx64\x64\release\fucntions.obj
c:\users\ashura\desktop\glfwx64 backup - kopie\glfwx64\glfwx64\x64\release\entry.obj
c:\users\ashura\desktop\glfwx64 backup - kopie\glfwx64\glfwx64\x64\release\draw.obj
c:\users\ashura\desktop\glfwx64 backup - kopie\glfwx64\glfwx64\x64\release\datatypes.obj
c:\users\ashura\desktop\glfwx64 backup - kopie\glfwx64\glfwx64\x64\release\config.obj
c:\users\ashura\desktop\glfwx64 backup - kopie\glfwx64\glfwx64\x64\release\calculations.obj
c:\users\ashura\desktop\glfwx64 backup - kopie\glfwx64\glfwx64\x64\release\imgui_widgets.obj
c:\users\ashura\desktop\glfwx64 backup - kopie\glfwx64\glfwx64\x64\release\imgui_tables.obj
c:\users\ashura\desktop\glfwx64 backup - kopie\glfwx64\glfwx64\x64\release\imgui_impl_opengl3.obj
c:\users\ashura\desktop\glfwx64 backup - kopie\glfwx64\glfwx64\x64\release\imgui_impl_glfw.obj
c:\users\ashura\desktop\glfwx64 backup - kopie\glfwx64\glfwx64\x64\release\imgui_draw.obj
c:\users\ashura\desktop\glfwx64 backup - kopie\glfwx64\glfwx64\x64\release\imgui_demo.obj
c:\users\ashura\desktop\glfwx64 backup - kopie\glfwx64\glfwx64\x64\release\imgui.obj
c:\users\ashura\desktop\glfwx64 backup - kopie\glfwx64\glfwx64\x64\release\worldtoscreen.obj
c:\users\ashura\desktop\glfwx64 backup - kopie\glfwx64\glfwx64\x64\release\utilities.obj
c:\users\ashura\desktop\glfwx64 backup - kopie\glfwx64\x64\release\counter_strike_2_legit_cheat.exe
c:\users\ashura\desktop\glfwx64 backup - kopie\glfwx64\x64\release\counter_strike_2_legit_cheat.pdb
c:\users\ashura\desktop\glfwx64 backup - kopie\glfwx64\glfwx64\x64\release\counter_strike_2_legit_cheat.ipdb
c:\users\ashura\desktop\glfwx64 backup - kopie\glfwx64\glfwx64\x64\release\counter_strike_2_legit_cheat.iobj
c:\users\ashura\desktop\glfwx64 backup - kopie\glfwx64\glfwx64\x64\release\xphax_build_1_0_0.ipdb
c:\users\ashura\desktop\glfwx64 backup - kopie\glfwx64\glfwx64\x64\release\xphax_build_1_0_0.iobj
c:\users\ashura\desktop\glfwx64 backup - kopie\glfwx64\glfwx64\x64\release\counter_.7ffafbc7.tlog\cl.command.1.tlog
c:\users\ashura\desktop\glfwx64 backup - kopie\glfwx64\glfwx64\x64\release\counter_.7ffafbc7.tlog\cl.items.tlog
c:\users\ashura\desktop\glfwx64 backup - kopie\glfwx64\glfwx64\x64\release\counter_.7ffafbc7.tlog\cl.read.1.tlog
c:\users\ashura\desktop\glfwx64 backup - kopie\glfwx64\glfwx64\x64\release\counter_.7ffafbc7.tlog\cl.write.1.tlog
c:\users\ashura\desktop\glfwx64 backup - kopie\glfwx64\glfwx64\x64\release\counter_.7ffafbc7.tlog\link.command.1.tlog
c:\users\ashura\desktop\glfwx64 backup - kopie\glfwx64\glfwx64\x64\release\counter_.7ffafbc7.tlog\link.read.1.tlog
c:\users\ashura\desktop\glfwx64 backup - kopie\glfwx64\glfwx64\x64\release\counter_.7ffafbc7.tlog\link.secondary.1.tlog
c:\users\ashura\desktop\glfwx64 backup - kopie\glfwx64\glfwx64\x64\release\counter_.7ffafbc7.tlog\link.write.1.tlog
