  calculations.cpp
C:\Users\ashura\Desktop\Counter-Strike-2-Legit-Cheat-main\Counter-Strike-2-Legit-Cheat-main\GLFWx64\calculations.cpp(42,16): warning C4244: "return": Konvertierung von "double" in "float", möglicher Datenverlust
C:\Users\ashura\Desktop\Counter-Strike-2-Legit-Cheat-main\Counter-Strike-2-Legit-Cheat-main\GLFWx64\calculations.cpp(46,16): warning C4244: "return": Konvertierung von "double" in "float", möglicher Datenverlust
  entry.cpp
C:\Users\ashura\Desktop\Counter-Strike-2-Legit-Cheat-main\Counter-Strike-2-Legit-Cheat-main\GLFWx64\animationsystem_dll.hpp(40,17): warning C4309: "Initialisierung": Verkürzung eines konstanten Wertes
C:\Users\ashura\Desktop\Counter-Strike-2-Legit-Cheat-main\Counter-Strike-2-Legit-Cheat-main\GLFWx64\animationsystem_dll.hpp(40,17): warning C4369: "dumper::schemas::animationsystem_dll::BoneTransformSpace_t::BoneTransformSpace_Invalid": Der Enumeratorwert "-1" kann nicht als "unsigned int" dargestellt werden, der Wert ist "-1".
C:\Users\ashura\Desktop\Counter-Strike-2-Legit-Cheat-main\Counter-Strike-2-Legit-Cheat-main\GLFWx64\animationsystem_dll.hpp(82,17): warning C4309: "Initialisierung": Verkürzung eines konstanten Wertes
C:\Users\ashura\Desktop\Counter-Strike-2-Legit-Cheat-main\Counter-Strike-2-Legit-Cheat-main\GLFWx64\animationsystem_dll.hpp(82,17): warning C4369: "dumper::schemas::animationsystem_dll::MovementGait_t::eInvalid": Der Enumeratorwert "-1" kann nicht als "unsigned char" dargestellt werden, der Wert ist "-1".
C:\Users\ashura\Desktop\Counter-Strike-2-Legit-Cheat-main\Counter-Strike-2-Legit-Cheat-main\GLFWx64\animationsystem_dll.hpp(290,17): warning C4309: "Initialisierung": Verkürzung eines konstanten Wertes
C:\Users\ashura\Desktop\Counter-Strike-2-Legit-Cheat-main\Counter-Strike-2-Legit-Cheat-main\GLFWx64\animationsystem_dll.hpp(290,17): warning C4369: "dumper::schemas::animationsystem_dll::ModelBoneFlexComponent_t::MODEL_BONE_FLEX_INVALID": Der Enumeratorwert "-1" kann nicht als "unsigned int" dargestellt werden, der Wert ist "-1".
C:\Users\ashura\Desktop\Counter-Strike-2-Legit-Cheat-main\Counter-Strike-2-Legit-Cheat-main\GLFWx64\animationsystem_dll.hpp(563,17): warning C4309: "Initialisierung": Verkürzung eines konstanten Wertes
C:\Users\ashura\Desktop\Counter-Strike-2-Legit-Cheat-main\Counter-Strike-2-Legit-Cheat-main\GLFWx64\animationsystem_dll.hpp(563,17): warning C4369: "dumper::schemas::animationsystem_dll::AnimScriptType::ANIMSCRIPT_TYPE_INVALID": Der Enumeratorwert "-1" kann nicht als "unsigned short" dargestellt werden, der Wert ist "-1".
C:\Users\ashura\Desktop\Counter-Strike-2-Legit-Cheat-main\Counter-Strike-2-Legit-Cheat-main\GLFWx64\animationsystem_dll.hpp(609,17): warning C4309: "Initialisierung": Verkürzung eines konstanten Wertes
C:\Users\ashura\Desktop\Counter-Strike-2-Legit-Cheat-main\Counter-Strike-2-Legit-Cheat-main\GLFWx64\animationsystem_dll.hpp(609,17): warning C4369: "dumper::schemas::animationsystem_dll::HandshakeTagType_t::eInvalid": Der Enumeratorwert "-1" kann nicht als "unsigned int" dargestellt werden, der Wert ist "-1".
C:\Users\ashura\Desktop\Counter-Strike-2-Legit-Cheat-main\Counter-Strike-2-Legit-Cheat-main\GLFWx64\animationsystem_dll.hpp(617,17): warning C4309: "Initialisierung": Verkürzung eines konstanten Wertes
C:\Users\ashura\Desktop\Counter-Strike-2-Legit-Cheat-main\Counter-Strike-2-Legit-Cheat-main\GLFWx64\animationsystem_dll.hpp(617,17): warning C4369: "dumper::schemas::animationsystem_dll::ParticleAttachment_t::PATTACH_INVALID": Der Enumeratorwert "-1" kann nicht als "unsigned int" dargestellt werden, der Wert ist "-1".
C:\Users\ashura\Desktop\Counter-Strike-2-Legit-Cheat-main\Counter-Strike-2-Legit-Cheat-main\GLFWx64\animationsystem_dll.hpp(754,17): warning C4309: "Initialisierung": Verkürzung eines konstanten Wertes
C:\Users\ashura\Desktop\Counter-Strike-2-Legit-Cheat-main\Counter-Strike-2-Legit-Cheat-main\GLFWx64\animationsystem_dll.hpp(754,17): warning C4369: "dumper::schemas::animationsystem_dll::ModelConfigAttachmentType_t::MODEL_CONFIG_ATTACHMENT_INVALID": Der Enumeratorwert "-1" kann nicht als "unsigned int" dargestellt werden, der Wert ist "-1".
  fucntions.cpp
C:\Users\ashura\Desktop\Counter-Strike-2-Legit-Cheat-main\Counter-Strike-2-Legit-Cheat-main\GLFWx64\fucntions.cpp(58,26): warning C4244: "Initialisierung": Konvertierung von "T" in "byte", möglicher Datenverlust
C:\Users\ashura\Desktop\Counter-Strike-2-Legit-Cheat-main\Counter-Strike-2-Legit-Cheat-main\GLFWx64\fucntions.cpp(58,26): warning C4244:         with
C:\Users\ashura\Desktop\Counter-Strike-2-Legit-Cheat-main\Counter-Strike-2-Legit-Cheat-main\GLFWx64\fucntions.cpp(58,26): warning C4244:         [
C:\Users\ashura\Desktop\Counter-Strike-2-Legit-Cheat-main\Counter-Strike-2-Legit-Cheat-main\GLFWx64\fucntions.cpp(58,26): warning C4244:             T=uintptr_t
C:\Users\ashura\Desktop\Counter-Strike-2-Legit-Cheat-main\Counter-Strike-2-Legit-Cheat-main\GLFWx64\fucntions.cpp(58,26): warning C4244:         ]
C:\Users\ashura\Desktop\Counter-Strike-2-Legit-Cheat-main\Counter-Strike-2-Legit-Cheat-main\GLFWx64\fucntions.cpp(63,53): warning C4244: "=": Konvertierung von "T" in "byte", möglicher Datenverlust
C:\Users\ashura\Desktop\Counter-Strike-2-Legit-Cheat-main\Counter-Strike-2-Legit-Cheat-main\GLFWx64\fucntions.cpp(63,53): warning C4244:         with
C:\Users\ashura\Desktop\Counter-Strike-2-Legit-Cheat-main\Counter-Strike-2-Legit-Cheat-main\GLFWx64\fucntions.cpp(63,53): warning C4244:         [
C:\Users\ashura\Desktop\Counter-Strike-2-Legit-Cheat-main\Counter-Strike-2-Legit-Cheat-main\GLFWx64\fucntions.cpp(63,53): warning C4244:             T=uintptr_t
C:\Users\ashura\Desktop\Counter-Strike-2-Legit-Cheat-main\Counter-Strike-2-Legit-Cheat-main\GLFWx64\fucntions.cpp(63,53): warning C4244:         ]
C:\Users\ashura\Desktop\Counter-Strike-2-Legit-Cheat-main\Counter-Strike-2-Legit-Cheat-main\GLFWx64\fucntions.cpp(86,24): warning C4244: "Initialisierung": Konvertierung von "T" in "int", möglicher Datenverlust
C:\Users\ashura\Desktop\Counter-Strike-2-Legit-Cheat-main\Counter-Strike-2-Legit-Cheat-main\GLFWx64\fucntions.cpp(86,24): warning C4244:         with
C:\Users\ashura\Desktop\Counter-Strike-2-Legit-Cheat-main\Counter-Strike-2-Legit-Cheat-main\GLFWx64\fucntions.cpp(86,24): warning C4244:         [
C:\Users\ashura\Desktop\Counter-Strike-2-Legit-Cheat-main\Counter-Strike-2-Legit-Cheat-main\GLFWx64\fucntions.cpp(86,24): warning C4244:             T=uintptr_t
C:\Users\ashura\Desktop\Counter-Strike-2-Legit-Cheat-main\Counter-Strike-2-Legit-Cheat-main\GLFWx64\fucntions.cpp(86,24): warning C4244:         ]
  main.cpp
C:\Users\ashura\Desktop\Counter-Strike-2-Legit-Cheat-main\Counter-Strike-2-Legit-Cheat-main\GLFWx64\animationsystem_dll.hpp(40,17): warning C4309: "Initialisierung": Verkürzung eines konstanten Wertes
C:\Users\ashura\Desktop\Counter-Strike-2-Legit-Cheat-main\Counter-Strike-2-Legit-Cheat-main\GLFWx64\animationsystem_dll.hpp(40,17): warning C4369: "dumper::schemas::animationsystem_dll::BoneTransformSpace_t::BoneTransformSpace_Invalid": Der Enumeratorwert "-1" kann nicht als "unsigned int" dargestellt werden, der Wert ist "-1".
C:\Users\ashura\Desktop\Counter-Strike-2-Legit-Cheat-main\Counter-Strike-2-Legit-Cheat-main\GLFWx64\animationsystem_dll.hpp(82,17): warning C4309: "Initialisierung": Verkürzung eines konstanten Wertes
C:\Users\ashura\Desktop\Counter-Strike-2-Legit-Cheat-main\Counter-Strike-2-Legit-Cheat-main\GLFWx64\animationsystem_dll.hpp(82,17): warning C4369: "dumper::schemas::animationsystem_dll::MovementGait_t::eInvalid": Der Enumeratorwert "-1" kann nicht als "unsigned char" dargestellt werden, der Wert ist "-1".
C:\Users\ashura\Desktop\Counter-Strike-2-Legit-Cheat-main\Counter-Strike-2-Legit-Cheat-main\GLFWx64\animationsystem_dll.hpp(290,17): warning C4309: "Initialisierung": Verkürzung eines konstanten Wertes
C:\Users\ashura\Desktop\Counter-Strike-2-Legit-Cheat-main\Counter-Strike-2-Legit-Cheat-main\GLFWx64\animationsystem_dll.hpp(290,17): warning C4369: "dumper::schemas::animationsystem_dll::ModelBoneFlexComponent_t::MODEL_BONE_FLEX_INVALID": Der Enumeratorwert "-1" kann nicht als "unsigned int" dargestellt werden, der Wert ist "-1".
C:\Users\ashura\Desktop\Counter-Strike-2-Legit-Cheat-main\Counter-Strike-2-Legit-Cheat-main\GLFWx64\animationsystem_dll.hpp(563,17): warning C4309: "Initialisierung": Verkürzung eines konstanten Wertes
C:\Users\ashura\Desktop\Counter-Strike-2-Legit-Cheat-main\Counter-Strike-2-Legit-Cheat-main\GLFWx64\animationsystem_dll.hpp(563,17): warning C4369: "dumper::schemas::animationsystem_dll::AnimScriptType::ANIMSCRIPT_TYPE_INVALID": Der Enumeratorwert "-1" kann nicht als "unsigned short" dargestellt werden, der Wert ist "-1".
C:\Users\ashura\Desktop\Counter-Strike-2-Legit-Cheat-main\Counter-Strike-2-Legit-Cheat-main\GLFWx64\animationsystem_dll.hpp(609,17): warning C4309: "Initialisierung": Verkürzung eines konstanten Wertes
C:\Users\ashura\Desktop\Counter-Strike-2-Legit-Cheat-main\Counter-Strike-2-Legit-Cheat-main\GLFWx64\animationsystem_dll.hpp(609,17): warning C4369: "dumper::schemas::animationsystem_dll::HandshakeTagType_t::eInvalid": Der Enumeratorwert "-1" kann nicht als "unsigned int" dargestellt werden, der Wert ist "-1".
C:\Users\ashura\Desktop\Counter-Strike-2-Legit-Cheat-main\Counter-Strike-2-Legit-Cheat-main\GLFWx64\animationsystem_dll.hpp(617,17): warning C4309: "Initialisierung": Verkürzung eines konstanten Wertes
C:\Users\ashura\Desktop\Counter-Strike-2-Legit-Cheat-main\Counter-Strike-2-Legit-Cheat-main\GLFWx64\animationsystem_dll.hpp(617,17): warning C4369: "dumper::schemas::animationsystem_dll::ParticleAttachment_t::PATTACH_INVALID": Der Enumeratorwert "-1" kann nicht als "unsigned int" dargestellt werden, der Wert ist "-1".
C:\Users\ashura\Desktop\Counter-Strike-2-Legit-Cheat-main\Counter-Strike-2-Legit-Cheat-main\GLFWx64\animationsystem_dll.hpp(754,17): warning C4309: "Initialisierung": Verkürzung eines konstanten Wertes
C:\Users\ashura\Desktop\Counter-Strike-2-Legit-Cheat-main\Counter-Strike-2-Legit-Cheat-main\GLFWx64\animationsystem_dll.hpp(754,17): warning C4369: "dumper::schemas::animationsystem_dll::ModelConfigAttachmentType_t::MODEL_CONFIG_ATTACHMENT_INVALID": Der Enumeratorwert "-1" kann nicht als "unsigned int" dargestellt werden, der Wert ist "-1".
  Code wird generiert.
  5 of 3528 functions ( 0.1%) were compiled, the rest were copied from previous compilation.
    2 functions were new in current compilation
    29 functions had inline decision re-evaluated but remain unchanged
  Codegenerierung ist abgeschlossen.
  GLFWx64.vcxproj -> C:\Users\ashura\Desktop\Counter-Strike-2-Legit-Cheat-main\Counter-Strike-2-Legit-Cheat-main\x64\Release\counter_strike_2_legit_cheat.exe
