c:\users\ashura\documents\glfwx64 backup\glfwx64\glfwx64\x64\release\vc143.pdb
c:\users\ashura\documents\glfwx64 backup\glfwx64\glfwx64\x64\release\setup.obj
c:\users\ashura\documents\glfwx64 backup\glfwx64\glfwx64\x64\release\protection.obj
c:\users\ashura\documents\glfwx64 backup\glfwx64\glfwx64\x64\release\proc.obj
c:\users\ashura\documents\glfwx64 backup\glfwx64\glfwx64\x64\release\main.obj
c:\users\ashura\documents\glfwx64 backup\glfwx64\glfwx64\x64\release\helper.obj
c:\users\ashura\documents\glfwx64 backup\glfwx64\glfwx64\x64\release\draw.obj
c:\users\ashura\documents\glfwx64 backup\glfwx64\glfwx64\x64\release\imgui_widgets.obj
c:\users\ashura\documents\glfwx64 backup\glfwx64\glfwx64\x64\release\imgui_tables.obj
c:\users\ashura\documents\glfwx64 backup\glfwx64\glfwx64\x64\release\imgui_impl_opengl3.obj
c:\users\ashura\documents\glfwx64 backup\glfwx64\glfwx64\x64\release\imgui_impl_glfw.obj
c:\users\ashura\documents\glfwx64 backup\glfwx64\glfwx64\x64\release\imgui_draw.obj
c:\users\ashura\documents\glfwx64 backup\glfwx64\glfwx64\x64\release\imgui_demo.obj
c:\users\ashura\documents\glfwx64 backup\glfwx64\glfwx64\x64\release\imgui.obj
c:\users\ashura\documents\glfwx64 backup\glfwx64\glfwx64\x64\release\debugger_check.obj
c:\users\ashura\documents\glfwx64 backup\glfwx64\x64\release\glfwx64.exe
c:\users\ashura\documents\glfwx64 backup\glfwx64\x64\release\glfwx64.pdb
c:\users\ashura\documents\glfwx64 backup\glfwx64\x64\release\glfwx64.lib
c:\users\ashura\documents\glfwx64 backup\glfwx64\x64\release\glfwx64.exp
c:\users\ashura\documents\glfwx64 backup\glfwx64\glfwx64\x64\release\glfwx64.ipdb
c:\users\ashura\documents\glfwx64 backup\glfwx64\glfwx64\x64\release\glfwx64.iobj
c:\users\ashura\documents\glfwx64 backup\glfwx64\glfwx64\x64\release\glfwx64.tlog\cl.command.1.tlog
c:\users\ashura\documents\glfwx64 backup\glfwx64\glfwx64\x64\release\glfwx64.tlog\cl.items.tlog
c:\users\ashura\documents\glfwx64 backup\glfwx64\glfwx64\x64\release\glfwx64.tlog\cl.read.1.tlog
c:\users\ashura\documents\glfwx64 backup\glfwx64\glfwx64\x64\release\glfwx64.tlog\cl.write.1.tlog
c:\users\ashura\documents\glfwx64 backup\glfwx64\glfwx64\x64\release\glfwx64.tlog\link.command.1.tlog
c:\users\ashura\documents\glfwx64 backup\glfwx64\glfwx64\x64\release\glfwx64.tlog\link.read.1.tlog
c:\users\ashura\documents\glfwx64 backup\glfwx64\glfwx64\x64\release\glfwx64.tlog\link.secondary.1.tlog
c:\users\ashura\documents\glfwx64 backup\glfwx64\glfwx64\x64\release\glfwx64.tlog\link.write.1.tlog
